This is pdfTeX, Version 3.14159265-2.6-1.40.20 (TeX Live 2019/Debian) (preloaded format=pdflatex 2023.6.1)  21 AUG 2023 16:04
entering extended mode
 restricted \write18 enabled.
 %&-line parsing enabled.
**los_alamos.tex
(./los_alamos.tex
LaTeX2e <2020-02-02> patch level 2
L3 programming layer <2020-02-14>
(/usr/share/texlive/texmf-dist/tex/latex/beamer/beamer.cls
Document Class: beamer 2019/09/29 v3.57 A class for typesetting presentations
(/usr/share/texlive/texmf-dist/tex/latex/beamer/beamerbasemodes.sty
(/usr/share/texlive/texmf-dist/tex/latex/etoolbox/etoolbox.sty
Package: etoolbox 2019/09/21 v2.5h e-TeX tools for LaTeX (JAW)
\etb@tempcnta=\count167
)
\beamer@tempbox=\box45
\beamer@tempcount=\count168
\c@beamerpauses=\count169

(/usr/share/texlive/texmf-dist/tex/latex/beamer/beamerbasedecode.sty
\beamer@slideinframe=\count170
\beamer@minimum=\count171
\beamer@decode@box=\box46
)
\beamer@commentbox=\box47
\beamer@modecount=\count172
)
(/usr/share/texlive/texmf-dist/tex/generic/iftex/ifpdf.sty
Package: ifpdf 2019/10/25 v3.4 ifpdf legacy package. Use iftex instead.

(/usr/share/texlive/texmf-dist/tex/generic/iftex/iftex.sty
Package: iftex 2019/11/07 v1.0c TeX engine tests
))
\headdp=\dimen134
\footheight=\dimen135
\sidebarheight=\dimen136
\beamer@tempdim=\dimen137
\beamer@finalheight=\dimen138
\beamer@animht=\dimen139
\beamer@animdp=\dimen140
\beamer@animwd=\dimen141
\beamer@leftmargin=\dimen142
\beamer@rightmargin=\dimen143
\beamer@leftsidebar=\dimen144
\beamer@rightsidebar=\dimen145
\beamer@boxsize=\dimen146
\beamer@vboxoffset=\dimen147
\beamer@descdefault=\dimen148
\beamer@descriptionwidth=\dimen149
\beamer@lastskip=\skip47
\beamer@areabox=\box48
\beamer@animcurrent=\box49
\beamer@animshowbox=\box50
\beamer@sectionbox=\box51
\beamer@logobox=\box52
\beamer@linebox=\box53
\beamer@sectioncount=\count173
\beamer@subsubsectionmax=\count174
\beamer@subsectionmax=\count175
\beamer@sectionmax=\count176
\beamer@totalheads=\count177
\beamer@headcounter=\count178
\beamer@partstartpage=\count179
\beamer@sectionstartpage=\count180
\beamer@subsectionstartpage=\count181
\beamer@animationtempa=\count182
\beamer@animationtempb=\count183
\beamer@xpos=\count184
\beamer@ypos=\count185
\beamer@ypos@offset=\count186
\beamer@showpartnumber=\count187
\beamer@currentsubsection=\count188
\beamer@coveringdepth=\count189
\beamer@sectionadjust=\count190
\beamer@tocsectionnumber=\count191

(/usr/share/texlive/texmf-dist/tex/latex/beamer/beamerbaseoptions.sty
(/usr/share/texlive/texmf-dist/tex/latex/graphics/keyval.sty
Package: keyval 2014/10/28 v1.15 key=value parser (DPC)
\KV@toks@=\toks14
))
\beamer@paperwidth=\skip48
\beamer@paperheight=\skip49

(/usr/share/texlive/texmf-dist/tex/latex/geometry/geometry.sty
Package: geometry 2020/01/02 v5.9 Page Geometry

(/usr/share/texlive/texmf-dist/tex/generic/iftex/ifvtex.sty
Package: ifvtex 2019/10/25 v1.7 ifvtex legacy package. Use iftex instead.
)
\Gm@cnth=\count192
\Gm@cntv=\count193
\c@Gm@tempcnt=\count194
\Gm@bindingoffset=\dimen150
\Gm@wd@mp=\dimen151
\Gm@odd@mp=\dimen152
\Gm@even@mp=\dimen153
\Gm@layoutwidth=\dimen154
\Gm@layoutheight=\dimen155
\Gm@layouthoffset=\dimen156
\Gm@layoutvoffset=\dimen157
\Gm@dimlist=\toks15
)
(/usr/share/texlive/texmf-dist/tex/latex/base/size11.clo
File: size11.clo 2019/12/20 v1.4l Standard LaTeX file (size option)
)
(/usr/share/texlive/texmf-dist/tex/latex/pgf/basiclayer/pgfcore.sty
(/usr/share/texlive/texmf-dist/tex/latex/graphics/graphicx.sty
Package: graphicx 2019/11/30 v1.2a Enhanced LaTeX Graphics (DPC,SPQR)

(/usr/share/texlive/texmf-dist/tex/latex/graphics/graphics.sty
Package: graphics 2019/11/30 v1.4a Standard LaTeX Graphics (DPC,SPQR)

(/usr/share/texlive/texmf-dist/tex/latex/graphics/trig.sty
Package: trig 2016/01/03 v1.10 sin cos tan (DPC)
)
(/usr/share/texlive/texmf-dist/tex/latex/graphics-cfg/graphics.cfg
File: graphics.cfg 2016/06/04 v1.11 sample graphics configuration
)
Package graphics Info: Driver file: pdftex.def on input line 105.

(/usr/share/texlive/texmf-dist/tex/latex/graphics-def/pdftex.def
File: pdftex.def 2018/01/08 v1.0l Graphics/color driver for pdftex
))
\Gin@req@height=\dimen158
\Gin@req@width=\dimen159
)
(/usr/share/texlive/texmf-dist/tex/latex/pgf/systemlayer/pgfsys.sty
(/usr/share/texlive/texmf-dist/tex/latex/pgf/utilities/pgfrcs.sty
(/usr/share/texlive/texmf-dist/tex/generic/pgf/utilities/pgfutil-common.tex
\pgfutil@everybye=\toks16
\pgfutil@tempdima=\dimen160
\pgfutil@tempdimb=\dimen161

(/usr/share/texlive/texmf-dist/tex/generic/pgf/utilities/pgfutil-common-lists.t
ex)) (/usr/share/texlive/texmf-dist/tex/generic/pgf/utilities/pgfutil-latex.def
\pgfutil@abb=\box54
(/usr/share/texlive/texmf-dist/tex/latex/ms/everyshi.sty
Package: everyshi 2001/05/15 v3.00 EveryShipout Package (MS)
))
(/usr/share/texlive/texmf-dist/tex/generic/pgf/utilities/pgfrcs.code.tex
(/usr/share/texlive/texmf-dist/tex/generic/pgf/pgf.revision.tex)
Package: pgfrcs 2020/01/08 v3.1.5b (3.1.5b)
))
(/usr/share/texlive/texmf-dist/tex/generic/pgf/systemlayer/pgfsys.code.tex
Package: pgfsys 2020/01/08 v3.1.5b (3.1.5b)

(/usr/share/texlive/texmf-dist/tex/generic/pgf/utilities/pgfkeys.code.tex
\pgfkeys@pathtoks=\toks17
\pgfkeys@temptoks=\toks18

(/usr/share/texlive/texmf-dist/tex/generic/pgf/utilities/pgfkeysfiltered.code.t
ex
\pgfkeys@tmptoks=\toks19
))
\pgf@x=\dimen162
\pgf@y=\dimen163
\pgf@xa=\dimen164
\pgf@ya=\dimen165
\pgf@xb=\dimen166
\pgf@yb=\dimen167
\pgf@xc=\dimen168
\pgf@yc=\dimen169
\pgf@xd=\dimen170
\pgf@yd=\dimen171
\w@pgf@writea=\write3
\r@pgf@reada=\read2
\c@pgf@counta=\count195
\c@pgf@countb=\count196
\c@pgf@countc=\count197
\c@pgf@countd=\count198
\t@pgf@toka=\toks20
\t@pgf@tokb=\toks21
\t@pgf@tokc=\toks22
\pgf@sys@id@count=\count199
 (/usr/share/texlive/texmf-dist/tex/generic/pgf/systemlayer/pgf.cfg
File: pgf.cfg 2020/01/08 v3.1.5b (3.1.5b)
)
Driver file for pgf: pgfsys-pdftex.def

(/usr/share/texlive/texmf-dist/tex/generic/pgf/systemlayer/pgfsys-pdftex.def
File: pgfsys-pdftex.def 2020/01/08 v3.1.5b (3.1.5b)

(/usr/share/texlive/texmf-dist/tex/generic/pgf/systemlayer/pgfsys-common-pdf.de
f
File: pgfsys-common-pdf.def 2020/01/08 v3.1.5b (3.1.5b)
)))
(/usr/share/texlive/texmf-dist/tex/generic/pgf/systemlayer/pgfsyssoftpath.code.
tex
File: pgfsyssoftpath.code.tex 2020/01/08 v3.1.5b (3.1.5b)
\pgfsyssoftpath@smallbuffer@items=\count266
\pgfsyssoftpath@bigbuffer@items=\count267
)
(/usr/share/texlive/texmf-dist/tex/generic/pgf/systemlayer/pgfsysprotocol.code.
tex
File: pgfsysprotocol.code.tex 2020/01/08 v3.1.5b (3.1.5b)
)) (/usr/share/texlive/texmf-dist/tex/latex/xcolor/xcolor.sty
Package: xcolor 2016/05/11 v2.12 LaTeX color extensions (UK)

(/usr/share/texlive/texmf-dist/tex/latex/graphics-cfg/color.cfg
File: color.cfg 2016/01/02 v1.6 sample color configuration
)
Package xcolor Info: Driver file: pdftex.def on input line 225.
Package xcolor Info: Model `cmy' substituted by `cmy0' on input line 1348.
Package xcolor Info: Model `hsb' substituted by `rgb' on input line 1352.
Package xcolor Info: Model `RGB' extended on input line 1364.
Package xcolor Info: Model `HTML' substituted by `rgb' on input line 1366.
Package xcolor Info: Model `Hsb' substituted by `hsb' on input line 1367.
Package xcolor Info: Model `tHsb' substituted by `hsb' on input line 1368.
Package xcolor Info: Model `HSB' substituted by `hsb' on input line 1369.
Package xcolor Info: Model `Gray' substituted by `gray' on input line 1370.
Package xcolor Info: Model `wave' substituted by `hsb' on input line 1371.
)
(/usr/share/texlive/texmf-dist/tex/generic/pgf/basiclayer/pgfcore.code.tex
Package: pgfcore 2020/01/08 v3.1.5b (3.1.5b)

(/usr/share/texlive/texmf-dist/tex/generic/pgf/math/pgfmath.code.tex
(/usr/share/texlive/texmf-dist/tex/generic/pgf/math/pgfmathcalc.code.tex
(/usr/share/texlive/texmf-dist/tex/generic/pgf/math/pgfmathutil.code.tex)
(/usr/share/texlive/texmf-dist/tex/generic/pgf/math/pgfmathparser.code.tex
\pgfmath@dimen=\dimen172
\pgfmath@count=\count268
\pgfmath@box=\box55
\pgfmath@toks=\toks23
\pgfmath@stack@operand=\toks24
\pgfmath@stack@operation=\toks25
)
(/usr/share/texlive/texmf-dist/tex/generic/pgf/math/pgfmathfunctions.code.tex
(/usr/share/texlive/texmf-dist/tex/generic/pgf/math/pgfmathfunctions.basic.code
.tex)
(/usr/share/texlive/texmf-dist/tex/generic/pgf/math/pgfmathfunctions.trigonomet
ric.code.tex)
(/usr/share/texlive/texmf-dist/tex/generic/pgf/math/pgfmathfunctions.random.cod
e.tex)
(/usr/share/texlive/texmf-dist/tex/generic/pgf/math/pgfmathfunctions.comparison
.code.tex)
(/usr/share/texlive/texmf-dist/tex/generic/pgf/math/pgfmathfunctions.base.code.
tex)
(/usr/share/texlive/texmf-dist/tex/generic/pgf/math/pgfmathfunctions.round.code
.tex)
(/usr/share/texlive/texmf-dist/tex/generic/pgf/math/pgfmathfunctions.misc.code.
tex)
(/usr/share/texlive/texmf-dist/tex/generic/pgf/math/pgfmathfunctions.integerari
thmetics.code.tex)))
(/usr/share/texlive/texmf-dist/tex/generic/pgf/math/pgfmathfloat.code.tex
\c@pgfmathroundto@lastzeros=\count269
))
(/usr/share/texlive/texmf-dist/tex/generic/pgf/math/pgfint.code.tex)
(/usr/share/texlive/texmf-dist/tex/generic/pgf/basiclayer/pgfcorepoints.code.te
x
File: pgfcorepoints.code.tex 2020/01/08 v3.1.5b (3.1.5b)
\pgf@picminx=\dimen173
\pgf@picmaxx=\dimen174
\pgf@picminy=\dimen175
\pgf@picmaxy=\dimen176
\pgf@pathminx=\dimen177
\pgf@pathmaxx=\dimen178
\pgf@pathminy=\dimen179
\pgf@pathmaxy=\dimen180
\pgf@xx=\dimen181
\pgf@xy=\dimen182
\pgf@yx=\dimen183
\pgf@yy=\dimen184
\pgf@zx=\dimen185
\pgf@zy=\dimen186
)
(/usr/share/texlive/texmf-dist/tex/generic/pgf/basiclayer/pgfcorepathconstruct.
code.tex
File: pgfcorepathconstruct.code.tex 2020/01/08 v3.1.5b (3.1.5b)
\pgf@path@lastx=\dimen187
\pgf@path@lasty=\dimen188
)
(/usr/share/texlive/texmf-dist/tex/generic/pgf/basiclayer/pgfcorepathusage.code
.tex
File: pgfcorepathusage.code.tex 2020/01/08 v3.1.5b (3.1.5b)
\pgf@shorten@end@additional=\dimen189
\pgf@shorten@start@additional=\dimen190
)
(/usr/share/texlive/texmf-dist/tex/generic/pgf/basiclayer/pgfcorescopes.code.te
x
File: pgfcorescopes.code.tex 2020/01/08 v3.1.5b (3.1.5b)
\pgfpic=\box56
\pgf@hbox=\box57
\pgf@layerbox@main=\box58
\pgf@picture@serial@count=\count270
)
(/usr/share/texlive/texmf-dist/tex/generic/pgf/basiclayer/pgfcoregraphicstate.c
ode.tex
File: pgfcoregraphicstate.code.tex 2020/01/08 v3.1.5b (3.1.5b)
\pgflinewidth=\dimen191
)
(/usr/share/texlive/texmf-dist/tex/generic/pgf/basiclayer/pgfcoretransformation
s.code.tex
File: pgfcoretransformations.code.tex 2020/01/08 v3.1.5b (3.1.5b)
\pgf@pt@x=\dimen192
\pgf@pt@y=\dimen193
\pgf@pt@temp=\dimen194
)
(/usr/share/texlive/texmf-dist/tex/generic/pgf/basiclayer/pgfcorequick.code.tex
File: pgfcorequick.code.tex 2020/01/08 v3.1.5b (3.1.5b)
)
(/usr/share/texlive/texmf-dist/tex/generic/pgf/basiclayer/pgfcoreobjects.code.t
ex
File: pgfcoreobjects.code.tex 2020/01/08 v3.1.5b (3.1.5b)
)
(/usr/share/texlive/texmf-dist/tex/generic/pgf/basiclayer/pgfcorepathprocessing
.code.tex
File: pgfcorepathprocessing.code.tex 2020/01/08 v3.1.5b (3.1.5b)
)
(/usr/share/texlive/texmf-dist/tex/generic/pgf/basiclayer/pgfcorearrows.code.te
x
File: pgfcorearrows.code.tex 2020/01/08 v3.1.5b (3.1.5b)
\pgfarrowsep=\dimen195
)
(/usr/share/texlive/texmf-dist/tex/generic/pgf/basiclayer/pgfcoreshade.code.tex
File: pgfcoreshade.code.tex 2020/01/08 v3.1.5b (3.1.5b)
\pgf@max=\dimen196
\pgf@sys@shading@range@num=\count271
\pgf@shadingcount=\count272
)
(/usr/share/texlive/texmf-dist/tex/generic/pgf/basiclayer/pgfcoreimage.code.tex
File: pgfcoreimage.code.tex 2020/01/08 v3.1.5b (3.1.5b)

(/usr/share/texlive/texmf-dist/tex/generic/pgf/basiclayer/pgfcoreexternal.code.
tex
File: pgfcoreexternal.code.tex 2020/01/08 v3.1.5b (3.1.5b)
\pgfexternal@startupbox=\box59
))
(/usr/share/texlive/texmf-dist/tex/generic/pgf/basiclayer/pgfcorelayers.code.te
x
File: pgfcorelayers.code.tex 2020/01/08 v3.1.5b (3.1.5b)
)
(/usr/share/texlive/texmf-dist/tex/generic/pgf/basiclayer/pgfcoretransparency.c
ode.tex
File: pgfcoretransparency.code.tex 2020/01/08 v3.1.5b (3.1.5b)
)
(/usr/share/texlive/texmf-dist/tex/generic/pgf/basiclayer/pgfcorepatterns.code.
tex
File: pgfcorepatterns.code.tex 2020/01/08 v3.1.5b (3.1.5b)
)
(/usr/share/texlive/texmf-dist/tex/generic/pgf/basiclayer/pgfcorerdf.code.tex
File: pgfcorerdf.code.tex 2020/01/08 v3.1.5b (3.1.5b)
))) (/usr/share/texlive/texmf-dist/tex/latex/pgf/utilities/xxcolor.sty
Package: xxcolor 2003/10/24 ver 0.1
\XC@nummixins=\count273
\XC@countmixins=\count274
)
(/usr/share/texlive/texmf-dist/tex/generic/atbegshi/atbegshi.sty
Package: atbegshi 2019/12/05 v1.19 At begin shipout hook (HO)

(/usr/share/texlive/texmf-dist/tex/generic/infwarerr/infwarerr.sty
Package: infwarerr 2019/12/03 v1.5 Providing info/warning/error messages (HO)
)
(/usr/share/texlive/texmf-dist/tex/generic/ltxcmds/ltxcmds.sty
Package: ltxcmds 2019/12/15 v1.24 LaTeX kernel commands for general use (HO)
))
(/usr/share/texlive/texmf-dist/tex/latex/hyperref/hyperref.sty
Package: hyperref 2020/01/14 v7.00d Hypertext links for LaTeX

(/usr/share/texlive/texmf-dist/tex/latex/pdftexcmds/pdftexcmds.sty
Package: pdftexcmds 2019/11/24 v0.31 Utility functions of pdfTeX for LuaTeX (HO
)
Package pdftexcmds Info: \pdf@primitive is available.
Package pdftexcmds Info: \pdf@ifprimitive is available.
Package pdftexcmds Info: \pdfdraftmode found.
)
(/usr/share/texlive/texmf-dist/tex/generic/kvsetkeys/kvsetkeys.sty
Package: kvsetkeys 2019/12/15 v1.18 Key value parser (HO)
)
(/usr/share/texlive/texmf-dist/tex/generic/kvdefinekeys/kvdefinekeys.sty
Package: kvdefinekeys 2019-12-19 v1.6 Define keys (HO)
)
(/usr/share/texlive/texmf-dist/tex/generic/pdfescape/pdfescape.sty
Package: pdfescape 2019/12/09 v1.15 Implements pdfTeX's escape features (HO)
)
(/usr/share/texlive/texmf-dist/tex/latex/hycolor/hycolor.sty
Package: hycolor 2020-01-27 v1.10 Color options for hyperref/bookmark (HO)
)
(/usr/share/texlive/texmf-dist/tex/latex/letltxmacro/letltxmacro.sty
Package: letltxmacro 2019/12/03 v1.6 Let assignment for LaTeX macros (HO)
)
(/usr/share/texlive/texmf-dist/tex/latex/auxhook/auxhook.sty
Package: auxhook 2019-12-17 v1.6 Hooks for auxiliary files (HO)
)
(/usr/share/texlive/texmf-dist/tex/latex/kvoptions/kvoptions.sty
Package: kvoptions 2019/11/29 v3.13 Key value format for package options (HO)
)
\@linkdim=\dimen197
\Hy@linkcounter=\count275
\Hy@pagecounter=\count276

(/usr/share/texlive/texmf-dist/tex/latex/hyperref/pd1enc.def
File: pd1enc.def 2020/01/14 v7.00d Hyperref: PDFDocEncoding definition (HO)
Now handling font encoding PD1 ...
... no UTF-8 mapping file for font encoding PD1
)
(/usr/share/texlive/texmf-dist/tex/generic/intcalc/intcalc.sty
Package: intcalc 2019/12/15 v1.3 Expandable calculations with integers (HO)
)
(/usr/share/texlive/texmf-dist/tex/generic/etexcmds/etexcmds.sty
Package: etexcmds 2019/12/15 v1.7 Avoid name clashes with e-TeX commands (HO)
)
\Hy@SavedSpaceFactor=\count277
\pdfmajorversion=\count278
Package hyperref Info: Option `bookmarks' set `true' on input line 4421.
Package hyperref Info: Option `bookmarksopen' set `true' on input line 4421.
Package hyperref Info: Option `implicit' set `false' on input line 4421.
Package hyperref Info: Hyper figures OFF on input line 4547.
Package hyperref Info: Link nesting OFF on input line 4552.
Package hyperref Info: Hyper index ON on input line 4555.
Package hyperref Info: Plain pages OFF on input line 4562.
Package hyperref Info: Backreferencing OFF on input line 4567.
Package hyperref Info: Implicit mode OFF; no redefinition of LaTeX internals.
Package hyperref Info: Bookmarks ON on input line 4800.
\c@Hy@tempcnt=\count279

(/usr/share/texlive/texmf-dist/tex/latex/url/url.sty
\Urlmuskip=\muskip16
Package: url 2013/09/16  ver 3.4  Verb mode for urls, etc.
)
LaTeX Info: Redefining \url on input line 5159.
\XeTeXLinkMargin=\dimen198

(/usr/share/texlive/texmf-dist/tex/generic/bitset/bitset.sty
Package: bitset 2019/12/09 v1.3 Handle bit-vector datatype (HO)

(/usr/share/texlive/texmf-dist/tex/generic/bigintcalc/bigintcalc.sty
Package: bigintcalc 2019/12/15 v1.5 Expandable calculations on big integers (HO
)
))
\Fld@menulength=\count280
\Field@Width=\dimen199
\Fld@charsize=\dimen256
Package hyperref Info: Hyper figures OFF on input line 6430.
Package hyperref Info: Link nesting OFF on input line 6435.
Package hyperref Info: Hyper index ON on input line 6438.
Package hyperref Info: backreferencing OFF on input line 6445.
Package hyperref Info: Link coloring OFF on input line 6450.
Package hyperref Info: Link coloring with OCG OFF on input line 6455.
Package hyperref Info: PDF/A mode OFF on input line 6460.
LaTeX Info: Redefining \ref on input line 6500.
LaTeX Info: Redefining \pageref on input line 6504.
\Hy@abspage=\count281


Package hyperref Message: Stopped early.

)
Package hyperref Info: Driver (autodetected): hpdftex.
 (/usr/share/texlive/texmf-dist/tex/latex/hyperref/hpdftex.def
File: hpdftex.def 2020/01/14 v7.00d Hyperref driver for pdfTeX

(/usr/share/texlive/texmf-dist/tex/latex/atveryend/atveryend.sty
Package: atveryend 2019-12-11 v1.11 Hooks at the very end of document (HO)
)
\Fld@listcount=\count282
\c@bookmark@seq@number=\count283

(/usr/share/texlive/texmf-dist/tex/latex/rerunfilecheck/rerunfilecheck.sty
Package: rerunfilecheck 2019/12/05 v1.9 Rerun checks for auxiliary files (HO)

(/usr/share/texlive/texmf-dist/tex/generic/uniquecounter/uniquecounter.sty
Package: uniquecounter 2019/12/15 v1.4 Provide unlimited unique counter (HO)
)
Package uniquecounter Info: New unique counter `rerunfilecheck' on input line 2
86.
))
(/usr/share/texlive/texmf-dist/tex/latex/beamer/beamerbaserequires.sty
(/usr/share/texlive/texmf-dist/tex/latex/beamer/beamerbasecompatibility.sty)
(/usr/share/texlive/texmf-dist/tex/latex/beamer/beamerbasefont.sty
(/usr/share/texlive/texmf-dist/tex/latex/amsfonts/amssymb.sty
Package: amssymb 2013/01/14 v3.01 AMS font symbols

(/usr/share/texlive/texmf-dist/tex/latex/amsfonts/amsfonts.sty
Package: amsfonts 2013/01/14 v3.01 Basic AMSFonts support
\@emptytoks=\toks26
\symAMSa=\mathgroup4
\symAMSb=\mathgroup5
LaTeX Font Info:    Redeclaring math symbol \hbar on input line 98.
LaTeX Font Info:    Overwriting math alphabet `\mathfrak' in version `bold'
(Font)                  U/euf/m/n --> U/euf/b/n on input line 106.
))
(/usr/share/texlive/texmf-dist/tex/latex/sansmathaccent/sansmathaccent.sty
Package: sansmathaccent 2020/01/31

(/usr/share/texlive/texmf-dist/tex/latex/koma-script/scrlfile.sty
Package: scrlfile 2020/01/24 v3.29 KOMA-Script package (loading files)
)))
(/usr/share/texlive/texmf-dist/tex/latex/beamer/beamerbasetranslator.sty
(/usr/share/texlive/texmf-dist/tex/latex/translator/translator.sty
Package: translator 2019-05-31 v1.12a Easy translation of strings in LaTeX
))
(/usr/share/texlive/texmf-dist/tex/latex/beamer/beamerbasemisc.sty)
(/usr/share/texlive/texmf-dist/tex/latex/beamer/beamerbasetwoscreens.sty)
(/usr/share/texlive/texmf-dist/tex/latex/beamer/beamerbaseoverlay.sty
\beamer@argscount=\count284
\beamer@lastskipcover=\skip50
\beamer@trivlistdepth=\count285
)
(/usr/share/texlive/texmf-dist/tex/latex/beamer/beamerbasetitle.sty)
(/usr/share/texlive/texmf-dist/tex/latex/beamer/beamerbasesection.sty
\c@lecture=\count286
\c@part=\count287
\c@section=\count288
\c@subsection=\count289
\c@subsubsection=\count290
)
(/usr/share/texlive/texmf-dist/tex/latex/beamer/beamerbaseframe.sty
\beamer@framebox=\box60
\beamer@frametitlebox=\box61
\beamer@zoombox=\box62
\beamer@zoomcount=\count291
\beamer@zoomframecount=\count292
\beamer@frametextheight=\dimen257
\c@subsectionslide=\count293
\beamer@frametopskip=\skip51
\beamer@framebottomskip=\skip52
\beamer@frametopskipautobreak=\skip53
\beamer@framebottomskipautobreak=\skip54
\beamer@envbody=\toks27
\framewidth=\dimen258
\c@framenumber=\count294
)
(/usr/share/texlive/texmf-dist/tex/latex/beamer/beamerbaseverbatim.sty
\beamer@verbatimfileout=\write4
)
(/usr/share/texlive/texmf-dist/tex/latex/beamer/beamerbaseframesize.sty
\beamer@splitbox=\box63
\beamer@autobreakcount=\count295
\beamer@autobreaklastheight=\dimen259
\beamer@frametitletoks=\toks28
\beamer@framesubtitletoks=\toks29
)
(/usr/share/texlive/texmf-dist/tex/latex/beamer/beamerbaseframecomponents.sty
\beamer@footins=\box64
)
(/usr/share/texlive/texmf-dist/tex/latex/beamer/beamerbasecolor.sty)
(/usr/share/texlive/texmf-dist/tex/latex/beamer/beamerbasenotes.sty
\beamer@frameboxcopy=\box65
)
(/usr/share/texlive/texmf-dist/tex/latex/beamer/beamerbasetoc.sty)
(/usr/share/texlive/texmf-dist/tex/latex/beamer/beamerbasetemplates.sty
\beamer@sbttoks=\toks30

(/usr/share/texlive/texmf-dist/tex/latex/beamer/beamerbaseauxtemplates.sty
(/usr/share/texlive/texmf-dist/tex/latex/beamer/beamerbaseboxes.sty
\bmb@box=\box66
\bmb@colorbox=\box67
\bmb@boxshadow=\box68
\bmb@boxshadowball=\box69
\bmb@boxshadowballlarge=\box70
\bmb@temp=\dimen260
\bmb@dima=\dimen261
\bmb@dimb=\dimen262
\bmb@prevheight=\dimen263
)
\beamer@blockheadheight=\dimen264
))
(/usr/share/texlive/texmf-dist/tex/latex/beamer/beamerbaselocalstructure.sty
(/usr/share/texlive/texmf-dist/tex/latex/tools/enumerate.sty
Package: enumerate 2015/07/23 v3.00 enumerate extensions (DPC)
\@enLab=\toks31
)
\c@figure=\count296
\c@table=\count297
\abovecaptionskip=\skip55
\belowcaptionskip=\skip56
)
(/usr/share/texlive/texmf-dist/tex/latex/beamer/beamerbasenavigation.sty
\beamer@section@min@dim=\dimen265
)
(/usr/share/texlive/texmf-dist/tex/latex/beamer/beamerbasetheorems.sty
(/usr/share/texlive/texmf-dist/tex/latex/amsmath/amsmath.sty
Package: amsmath 2020/01/20 v2.17e AMS math features
\@mathmargin=\skip57

For additional information on amsmath, use the `?' option.
(/usr/share/texlive/texmf-dist/tex/latex/amsmath/amstext.sty
Package: amstext 2000/06/29 v2.01 AMS text

(/usr/share/texlive/texmf-dist/tex/latex/amsmath/amsgen.sty
File: amsgen.sty 1999/11/30 v2.0 generic functions
\@emptytoks=\toks32
\ex@=\dimen266
))
(/usr/share/texlive/texmf-dist/tex/latex/amsmath/amsbsy.sty
Package: amsbsy 1999/11/29 v1.2d Bold Symbols
\pmbraise@=\dimen267
)
(/usr/share/texlive/texmf-dist/tex/latex/amsmath/amsopn.sty
Package: amsopn 2016/03/08 v2.02 operator names
)
\inf@bad=\count298
LaTeX Info: Redefining \frac on input line 227.
\uproot@=\count299
\leftroot@=\count300
LaTeX Info: Redefining \overline on input line 389.
\classnum@=\count301
\DOTSCASE@=\count302
LaTeX Info: Redefining \ldots on input line 486.
LaTeX Info: Redefining \dots on input line 489.
LaTeX Info: Redefining \cdots on input line 610.
\Mathstrutbox@=\box71
\strutbox@=\box72
\big@size=\dimen268
LaTeX Font Info:    Redeclaring font encoding OML on input line 733.
LaTeX Font Info:    Redeclaring font encoding OMS on input line 734.
\macc@depth=\count303
\c@MaxMatrixCols=\count304
\dotsspace@=\muskip17
\c@parentequation=\count305
\dspbrk@lvl=\count306
\tag@help=\toks33
\row@=\count307
\column@=\count308
\maxfields@=\count309
\andhelp@=\toks34
\eqnshift@=\dimen269
\alignsep@=\dimen270
\tagshift@=\dimen271
\tagwidth@=\dimen272
\totwidth@=\dimen273
\lineht@=\dimen274
\@envbody=\toks35
\multlinegap=\skip58
\multlinetaggap=\skip59
\mathdisplay@stack=\toks36
LaTeX Info: Redefining \[ on input line 2859.
LaTeX Info: Redefining \] on input line 2860.
)
(/usr/share/texlive/texmf-dist/tex/latex/amscls/amsthm.sty
Package: amsthm 2017/10/31 v2.20.4
\thm@style=\toks37
\thm@bodyfont=\toks38
\thm@headfont=\toks39
\thm@notefont=\toks40
\thm@headpunct=\toks41
\thm@preskip=\skip60
\thm@postskip=\skip61
\thm@headsep=\skip62
\dth@everypar=\toks42
)
\c@theorem=\count310
)
(/usr/share/texlive/texmf-dist/tex/latex/beamer/beamerbasethemes.sty))
(/usr/share/texlive/texmf-dist/tex/latex/beamer/beamerthemedefault.sty
(/usr/share/texlive/texmf-dist/tex/latex/beamer/beamerfontthemedefault.sty)
(/usr/share/texlive/texmf-dist/tex/latex/beamer/beamercolorthemedefault.sty)
(/usr/share/texlive/texmf-dist/tex/latex/beamer/beamerinnerthemedefault.sty
\beamer@dima=\dimen275
\beamer@dimb=\dimen276
)
(/usr/share/texlive/texmf-dist/tex/latex/beamer/beamerouterthemedefault.sty)))
(/usr/share/texlive/texmf-dist/tex/latex/pgf/frontendlayer/tikz.sty
(/usr/share/texlive/texmf-dist/tex/latex/pgf/basiclayer/pgf.sty
Package: pgf 2020/01/08 v3.1.5b (3.1.5b)

(/usr/share/texlive/texmf-dist/tex/generic/pgf/modules/pgfmoduleshapes.code.tex
File: pgfmoduleshapes.code.tex 2020/01/08 v3.1.5b (3.1.5b)
\pgfnodeparttextbox=\box73
) (/usr/share/texlive/texmf-dist/tex/generic/pgf/modules/pgfmoduleplot.code.tex
File: pgfmoduleplot.code.tex 2020/01/08 v3.1.5b (3.1.5b)
)
(/usr/share/texlive/texmf-dist/tex/latex/pgf/compatibility/pgfcomp-version-0-65
.sty
Package: pgfcomp-version-0-65 2020/01/08 v3.1.5b (3.1.5b)
\pgf@nodesepstart=\dimen277
\pgf@nodesepend=\dimen278
)
(/usr/share/texlive/texmf-dist/tex/latex/pgf/compatibility/pgfcomp-version-1-18
.sty
Package: pgfcomp-version-1-18 2020/01/08 v3.1.5b (3.1.5b)
)) (/usr/share/texlive/texmf-dist/tex/latex/pgf/utilities/pgffor.sty
(/usr/share/texlive/texmf-dist/tex/latex/pgf/utilities/pgfkeys.sty
(/usr/share/texlive/texmf-dist/tex/generic/pgf/utilities/pgfkeys.code.tex))
(/usr/share/texlive/texmf-dist/tex/latex/pgf/math/pgfmath.sty
(/usr/share/texlive/texmf-dist/tex/generic/pgf/math/pgfmath.code.tex))
(/usr/share/texlive/texmf-dist/tex/generic/pgf/utilities/pgffor.code.tex
Package: pgffor 2020/01/08 v3.1.5b (3.1.5b)

(/usr/share/texlive/texmf-dist/tex/generic/pgf/math/pgfmath.code.tex)
\pgffor@iter=\dimen279
\pgffor@skip=\dimen280
\pgffor@stack=\toks43
\pgffor@toks=\toks44
))
(/usr/share/texlive/texmf-dist/tex/generic/pgf/frontendlayer/tikz/tikz.code.tex
Package: tikz 2020/01/08 v3.1.5b (3.1.5b)

(/usr/share/texlive/texmf-dist/tex/generic/pgf/libraries/pgflibraryplothandlers
.code.tex
File: pgflibraryplothandlers.code.tex 2020/01/08 v3.1.5b (3.1.5b)
\pgf@plot@mark@count=\count311
\pgfplotmarksize=\dimen281
)
\tikz@lastx=\dimen282
\tikz@lasty=\dimen283
\tikz@lastxsaved=\dimen284
\tikz@lastysaved=\dimen285
\tikz@lastmovetox=\dimen286
\tikz@lastmovetoy=\dimen287
\tikzleveldistance=\dimen288
\tikzsiblingdistance=\dimen289
\tikz@figbox=\box74
\tikz@figbox@bg=\box75
\tikz@tempbox=\box76
\tikz@tempbox@bg=\box77
\tikztreelevel=\count312
\tikznumberofchildren=\count313
\tikznumberofcurrentchild=\count314
\tikz@fig@count=\count315

(/usr/share/texlive/texmf-dist/tex/generic/pgf/modules/pgfmodulematrix.code.tex
File: pgfmodulematrix.code.tex 2020/01/08 v3.1.5b (3.1.5b)
\pgfmatrixcurrentrow=\count316
\pgfmatrixcurrentcolumn=\count317
\pgf@matrix@numberofcolumns=\count318
)
\tikz@expandcount=\count319

(/usr/share/texlive/texmf-dist/tex/generic/pgf/frontendlayer/tikz/libraries/tik
zlibrarytopaths.code.tex
File: tikzlibrarytopaths.code.tex 2020/01/08 v3.1.5b (3.1.5b)
)))
(/usr/share/texlive/texmf-dist/tex/generic/babel/babel.sty
Package: babel 2020/02/14 3.40 The Babel package

(/usr/share/texlive/texmf-dist/tex/generic/babel/switch.def
File: switch.def 2020/02/14 3.40 Babel switching mechanism
)
(/usr/share/texlive/texmf-dist/tex/generic/babel-english/english.ldf
Language: english 2017/06/06 v3.3r English support from the babel system

(/usr/share/texlive/texmf-dist/tex/generic/babel/babel.def
File: babel.def 2020/02/14 3.40 Babel common definitions
\babel@savecnt=\count320
\U@D=\dimen290

(/usr/share/texlive/texmf-dist/tex/generic/babel/txtbabel.def)
\bbl@readstream=\read3
LaTeX Info: Redefining \textlatin on input line 2319.
\bbl@dirlevel=\count321
)
Package babel Info: \l@canadian = using hyphenrules for english
(babel)             (\language0) on input line 102.
Package babel Info: \l@australian = using hyphenrules for ukenglish
(babel)             (\language32) on input line 105.
Package babel Info: \l@newzealand = using hyphenrules for ukenglish
(babel)             (\language32) on input line 108.
))
(/usr/share/texlive/texmf-dist/tex/latex/base/inputenc.sty
Package: inputenc 2018/08/11 v1.3c Input encoding file
\inpenc@prehook=\toks45
\inpenc@posthook=\toks46

(/usr/share/texlive/texmf-dist/tex/latex/base/latin1.def
File: latin1.def 2018/08/11 v1.3c Input encoding file
))
(/usr/share/texlive/texmf-dist/tex/latex/base/fontenc.sty
Package: fontenc 2020/02/11 v2.0o Standard LaTeX package
)
(/usr/share/texlive/texmf-dist/tex/latex/cleveref/cleveref.sty
Package: cleveref 2018/03/27 v0.21.4 Intelligent cross-referencing


Package cleveref Warning: hyperref package loaded with implicit=false option - 
disabling cleveref's hyperref support. This situation is not supported by cleve
ref, and there's no guarantee anything will work. You're on your own! on input 
line 2370.

Package cleveref Info: `amsthm' support loaded on input line 3026.
) (/usr/share/texlive/texmf-dist/tex/latex/lipsum/lipsum.sty
(/usr/share/texlive/texmf-dist/tex/latex/l3kernel/expl3.sty
Package: expl3 2020-02-14 L3 programming layer (loader) 

(/usr/share/texlive/texmf-dist/tex/latex/l3backend/l3backend-pdfmode.def
File: l3backend-pdfmode.def 2020-02-03 L3 backend support: PDF mode
\l__kernel_color_stack_int=\count322
\l__pdf_internal_box=\box78
))
(/usr/share/texlive/texmf-dist/tex/latex/l3packages/xparse/xparse.sty
Package: xparse 2020-02-14 L3 Experimental document command parser
\l__xparse_current_arg_int=\count323
\g__xparse_grabber_int=\count324
\l__xparse_m_args_int=\count325
\l__xparse_v_nesting_int=\count326
)
Package: lipsum 2019/01/02 v2.2 150 paragraphs of Lorem Ipsum dummy text

(/usr/share/texlive/texmf-dist/tex/latex/lipsum/lipsum.ltd.tex
File: lipsum.ltd.tex 2019/01/02 v2.2 The Lorem ipsum dummy text
))
(/usr/share/texlive/texmf-dist/tex/latex/caption/caption.sty
Package: caption 2020/01/03 v3.4h Customizing captions (AR)

(/usr/share/texlive/texmf-dist/tex/latex/caption/caption3.sty
Package: caption3 2020/01/03 v1.8h caption3 kernel (AR)
Package caption3 Info: TeX engine: e-TeX on input line 61.
\captionmargin=\dimen291
\captionmargin@=\dimen292
\captionwidth=\dimen293
\caption@tempdima=\dimen294
\caption@indent=\dimen295
\caption@parindent=\dimen296
\caption@hangindent=\dimen297
Package caption Info: beamer document class detected.
)
\c@caption@flags=\count327
\c@continuedfloat=\count328
Package caption Info: beamer document class.
Package caption Info: hyperref package is loaded.
Package caption Info: Hyperref support is turned off
(caption)             because hyperref has stopped early.
)
(/usr/share/texlive/texmf-dist/tex/latex/caption/subcaption.sty
Package: subcaption 2020/01/22 v1.3d Sub-captions (AR)
\c@subfigure=\count329
\c@subtable=\count330
)
(/usr/share/texlive/texmf-dist/tex/latex/beamer/beamerfontthemeprofessionalfont
s.sty) (/usr/share/texlive/texmf-dist/tex/latex/stmaryrd/stmaryrd.sty
Package: stmaryrd 1994/03/03 St Mary's Road symbol package
\symstmry=\mathgroup6
LaTeX Font Info:    Overwriting symbol font `stmry' in version `bold'
(Font)                  U/stmry/m/n --> U/stmry/b/n on input line 89.
)
(/usr/share/texlive/texmf-dist/tex/latex/beamer/beamerthemeMadrid.sty
(/usr/share/texlive/texmf-dist/tex/latex/beamer/beamercolorthemewhale.sty)
(/usr/share/texlive/texmf-dist/tex/latex/beamer/beamercolorthemeorchid.sty)
(/usr/share/texlive/texmf-dist/tex/latex/beamer/beamerinnerthemerounded.sty)
(/usr/share/texlive/texmf-dist/tex/latex/beamer/beamerouterthemeinfolines.sty))
(/usr/share/texlive/texmf-dist/tex/latex/beamer/beamercolorthemestructure.sty)
\c@observation=\count331
\c@proposition=\count332
\c@cor=\count333

(./los_alamos.aux (./sslide.aux)

LaTeX Warning: Label `convergence_comp_jumps_sub' multiply defined.


LaTeX Warning: Label `convergence_comp_jumps_sub@cref' multiply defined.


LaTeX Warning: Label `sub@convergence_comp_jumps_sub' multiply defined.


LaTeX Warning: Label `sub@convergence_comp_jumps_sub@cref' multiply defined.


LaTeX Warning: Label `convergence_comp_jumps_trans' multiply defined.


LaTeX Warning: Label `convergence_comp_jumps_trans@cref' multiply defined.


LaTeX Warning: Label `sub@convergence_comp_jumps_trans' multiply defined.


LaTeX Warning: Label `sub@convergence_comp_jumps_trans@cref' multiply defined.


LaTeX Warning: Label `convergence_comp_jumps_super' multiply defined.


LaTeX Warning: Label `convergence_comp_jumps_super@cref' multiply defined.


LaTeX Warning: Label `sub@convergence_comp_jumps_super' multiply defined.


LaTeX Warning: Label `sub@convergence_comp_jumps_super@cref' multiply defined.


LaTeX Warning: Label `convergence' multiply defined.


LaTeX Warning: Label `convergence@cref' multiply defined.


LaTeX Warning: Label `convergence' multiply defined.


LaTeX Warning: Label `convergence@cref' multiply defined.


LaTeX Warning: Label `pert_super_jumps' multiply defined.


LaTeX Warning: Label `pert_super_jumps@cref' multiply defined.


LaTeX Warning: Label `convergence' multiply defined.


LaTeX Warning: Label `convergence@cref' multiply defined.


LaTeX Warning: Label `NumericalResultsWithoutWBmonodimensionalcasesSW<1>' multi
ply defined.


LaTeX Warning: Label `NumericalResultsWithoutWBmonodimensionalcasesSW<1>@cref' 
multiply defined.


LaTeX Warning: Label `NumericalResultsWithoutWBmonodimensionalcasesSW' multiply
 defined.


LaTeX Warning: Label `NumericalResultsWithoutWBmonodimensionalcasesSW@cref' mul
tiply defined.


LaTeX Warning: Label `convergence_comp_jumps_sub' multiply defined.


LaTeX Warning: Label `convergence_comp_jumps_sub@cref' multiply defined.


LaTeX Warning: Label `sub@convergence_comp_jumps_sub' multiply defined.


LaTeX Warning: Label `sub@convergence_comp_jumps_sub@cref' multiply defined.


LaTeX Warning: Label `convergence_comp_jumps_trans' multiply defined.


LaTeX Warning: Label `convergence_comp_jumps_trans@cref' multiply defined.


LaTeX Warning: Label `sub@convergence_comp_jumps_trans' multiply defined.


LaTeX Warning: Label `sub@convergence_comp_jumps_trans@cref' multiply defined.


LaTeX Warning: Label `convergence_comp_jumps_super' multiply defined.


LaTeX Warning: Label `convergence_comp_jumps_super@cref' multiply defined.


LaTeX Warning: Label `sub@convergence_comp_jumps_super' multiply defined.


LaTeX Warning: Label `sub@convergence_comp_jumps_super@cref' multiply defined.


LaTeX Warning: Label `convergence_comp_jumps_sub' multiply defined.


LaTeX Warning: Label `convergence_comp_jumps_sub@cref' multiply defined.


LaTeX Warning: Label `sub@convergence_comp_jumps_sub' multiply defined.


LaTeX Warning: Label `sub@convergence_comp_jumps_sub@cref' multiply defined.


LaTeX Warning: Label `convergence_comp_jumps_trans' multiply defined.


LaTeX Warning: Label `convergence_comp_jumps_trans@cref' multiply defined.


LaTeX Warning: Label `sub@convergence_comp_jumps_trans' multiply defined.


LaTeX Warning: Label `sub@convergence_comp_jumps_trans@cref' multiply defined.


LaTeX Warning: Label `convergence_comp_jumps_super' multiply defined.


LaTeX Warning: Label `convergence_comp_jumps_super@cref' multiply defined.


LaTeX Warning: Label `sub@convergence_comp_jumps_super' multiply defined.


LaTeX Warning: Label `sub@convergence_comp_jumps_super@cref' multiply defined.


LaTeX Warning: Label `SW<1>' multiply defined.


LaTeX Warning: Label `SW<1>@cref' multiply defined.


LaTeX Warning: Label `SW' multiply defined.


LaTeX Warning: Label `SW@cref' multiply defined.

)
\openout1 = `los_alamos.aux'.

LaTeX Font Info:    Checking defaults for OML/cmm/m/it on input line 198.
LaTeX Font Info:    ... okay on input line 198.
LaTeX Font Info:    Checking defaults for OMS/cmsy/m/n on input line 198.
LaTeX Font Info:    ... okay on input line 198.
LaTeX Font Info:    Checking defaults for OT1/cmr/m/n on input line 198.
LaTeX Font Info:    ... okay on input line 198.
LaTeX Font Info:    Checking defaults for T1/cmr/m/n on input line 198.
LaTeX Font Info:    ... okay on input line 198.
LaTeX Font Info:    Checking defaults for TS1/cmr/m/n on input line 198.
LaTeX Font Info:    ... okay on input line 198.
LaTeX Font Info:    Checking defaults for OMX/cmex/m/n on input line 198.
LaTeX Font Info:    ... okay on input line 198.
LaTeX Font Info:    Checking defaults for U/cmr/m/n on input line 198.
LaTeX Font Info:    ... okay on input line 198.
LaTeX Font Info:    Checking defaults for PD1/pdf/m/n on input line 198.
LaTeX Font Info:    ... okay on input line 198.

*geometry* driver: auto-detecting
*geometry* detected driver: pdftex
*geometry* verbose mode - [ preamble ] result:
* driver: pdftex
* paper: custom
* layout: <same size as paper>
* layoutoffset:(h,v)=(0.0pt,0.0pt)
* modes: includehead includefoot 
* h-part:(L,W,R)=(10.88002pt, 342.43532pt, 10.88002pt)
* v-part:(T,H,B)=(0.0pt, 273.14662pt, 0.0pt)
* \paperwidth=364.19536pt
* \paperheight=273.14662pt
* \textwidth=342.43532pt
* \textheight=244.6939pt
* \oddsidemargin=-61.38997pt
* \evensidemargin=-61.38997pt
* \topmargin=-72.26999pt
* \headheight=14.22636pt
* \headsep=0.0pt
* \topskip=11.0pt
* \footskip=14.22636pt
* \marginparwidth=4.0pt
* \marginparsep=10.0pt
* \columnsep=10.0pt
* \skip\footins=10.0pt plus 4.0pt minus 2.0pt
* \hoffset=0.0pt
* \voffset=0.0pt
* \mag=1000
* \@twocolumnfalse
* \@twosidefalse
* \@mparswitchfalse
* \@reversemarginfalse
* (1in=72.27pt=25.4mm, 1cm=28.453pt)

(/usr/share/texlive/texmf-dist/tex/context/base/mkii/supp-pdf.mkii
[Loading MPS to PDF converter (version 2006.09.02).]
\scratchcounter=\count334
\scratchdimen=\dimen298
\scratchbox=\box79
\nofMPsegments=\count335
\nofMParguments=\count336
\everyMPshowfont=\toks47
\MPscratchCnt=\count337
\MPscratchDim=\dimen299
\MPnumerator=\count338
\makeMPintoPDFobject=\count339
\everyMPtoPDFconversion=\toks48
) (/usr/share/texlive/texmf-dist/tex/latex/epstopdf-pkg/epstopdf-base.sty
Package: epstopdf-base 2020-01-24 v2.11 Base part for package epstopdf
Package epstopdf-base Info: Redefining graphics rule for `.eps' on input line 4
85.

(/usr/share/texlive/texmf-dist/tex/latex/latexconfig/epstopdf-sys.cfg
File: epstopdf-sys.cfg 2010/07/13 v1.3 Configuration of (r)epstopdf for TeX Liv
e
))
ABD: EveryShipout initializing macros
\AtBeginShipoutBox=\box80
Package hyperref Info: Link coloring OFF on input line 198.

(/usr/share/texlive/texmf-dist/tex/latex/hyperref/nameref.sty
Package: nameref 2019/09/16 v2.46 Cross-referencing by name of section

(/usr/share/texlive/texmf-dist/tex/latex/refcount/refcount.sty
Package: refcount 2019/12/15 v3.6 Data extraction from label references (HO)
)
(/usr/share/texlive/texmf-dist/tex/generic/gettitlestring/gettitlestring.sty
Package: gettitlestring 2019/12/15 v1.6 Cleanup title references (HO)
)
\c@section@level=\count340
)
LaTeX Info: Redefining \ref on input line 198.
LaTeX Info: Redefining \pageref on input line 198.
LaTeX Info: Redefining \nameref on input line 198.

(./los_alamos.out) (./los_alamos.out)
\@outlinefile=\write5
\openout5 = `los_alamos.out'.


(/usr/share/texlive/texmf-dist/tex/latex/translator/translator-basic-dictionary
-English.dict
Dictionary: translator-basic-dictionary, Language: English 
)
(/usr/share/texlive/texmf-dist/tex/latex/translator/translator-bibliography-dic
tionary-English.dict
Dictionary: translator-bibliography-dictionary, Language: English 
)
(/usr/share/texlive/texmf-dist/tex/latex/translator/translator-environment-dict
ionary-English.dict
Dictionary: translator-environment-dictionary, Language: English 
)
(/usr/share/texlive/texmf-dist/tex/latex/translator/translator-months-dictionar
y-English.dict
Dictionary: translator-months-dictionary, Language: English 
)
(/usr/share/texlive/texmf-dist/tex/latex/translator/translator-numbers-dictiona
ry-English.dict
Dictionary: translator-numbers-dictionary, Language: English 
)
(/usr/share/texlive/texmf-dist/tex/latex/translator/translator-theorem-dictiona
ry-English.dict
Dictionary: translator-theorem-dictionary, Language: English 
)
Package caption Info: Begin \AtBeginDocument code.
Package caption Info: End \AtBeginDocument code.
 (./los_alamos.nav)
LaTeX Font Info:    Trying to load font information for U+msa on input line 202
.

(/usr/share/texlive/texmf-dist/tex/latex/amsfonts/umsa.fd
File: umsa.fd 2013/01/14 v3.01 AMS symbols A
)
LaTeX Font Info:    Trying to load font information for U+msb on input line 202
.

(/usr/share/texlive/texmf-dist/tex/latex/amsfonts/umsb.fd
File: umsb.fd 2013/01/14 v3.01 AMS symbols B
)
LaTeX Font Info:    Trying to load font information for U+stmry on input line 2
02.

(/usr/share/texlive/texmf-dist/tex/latex/stmaryrd/Ustmry.fd) [1

{/var/lib/texmf/fonts/map/pdftex/updmap/pdftex.map}] (./los_alamos.toc)
<frontespizio.png, id=89, 1204.5pt x 1197.47375pt>
File: frontespizio.png Graphic file (type png)
<use frontespizio.png>
Package pdftex.def Info: frontespizio.png  used on input line 219.
(pdftex.def)             Requested size: 28.61635pt x 28.45274pt.
 [2

 <./frontespizio.png>]
File: frontespizio.png Graphic file (type png)
<use frontespizio.png>
Package pdftex.def Info: frontespizio.png  used on input line 222.
(pdftex.def)             Requested size: 28.61635pt x 28.45274pt.
 [3

]
\openout2 = `sslide.aux'.


No file sslide.tex.

LaTeX Font Warning: Font shape `U/stmry/b/n' undefined
(Font)              using `U/stmry/m/n' instead on input line 289.

File: frontespizio.png Graphic file (type png)
<use frontespizio.png>
Package pdftex.def Info: frontespizio.png  used on input line 289.
(pdftex.def)             Requested size: 28.61635pt x 28.45274pt.
[4



]
File: frontespizio.png Graphic file (type png)
<use frontespizio.png>
Package pdftex.def Info: frontespizio.png  used on input line 333.
(pdftex.def)             Requested size: 28.61635pt x 28.45274pt.
 [5

]
<figures/lagrangian_maps.pdf, id=217, 614.295pt x 398.288pt>
File: figures/lagrangian_maps.pdf Graphic file (type pdf)
<use figures/lagrangian_maps.pdf>
Package pdftex.def Info: figures/lagrangian_maps.pdf  used on input line 356.
(pdftex.def)             Requested size: 154.09483pt x 99.906pt.
File: frontespizio.png Graphic file (type png)
<use frontespizio.png>
Package pdftex.def Info: frontespizio.png  used on input line 356.
(pdftex.def)             Requested size: 28.61635pt x 28.45274pt.
 [6

 <./figures/lagrangian_maps.pdf>]
File: frontespizio.png Graphic file (type png)
<use frontespizio.png>
Package pdftex.def Info: frontespizio.png  used on input line 384.
(pdftex.def)             Requested size: 28.61635pt x 28.45274pt.
 [7

]
File: frontespizio.png Graphic file (type png)
<use frontespizio.png>
Package pdftex.def Info: frontespizio.png  used on input line 420.
(pdftex.def)             Requested size: 28.61635pt x 28.45274pt.
 [8

]
File: frontespizio.png Graphic file (type png)
<use frontespizio.png>
Package pdftex.def Info: frontespizio.png  used on input line 451.
(pdftex.def)             Requested size: 28.61635pt x 28.45274pt.
 [9

]
File: frontespizio.png Graphic file (type png)
<use frontespizio.png>
Package pdftex.def Info: frontespizio.png  used on input line 478.
(pdftex.def)             Requested size: 28.61635pt x 28.45274pt.
 [10

]
<lakezurich.jpg, id=357, 3527.1775pt x 2847.63875pt>
File: lakezurich.jpg Graphic file (type jpg)
<use lakezurich.jpg>
Package pdftex.def Info: lakezurich.jpg  used on input line 526.
(pdftex.def)             Requested size: 176.3692pt x 142.39027pt.

Overfull \hbox (12.00319pt too wide) in paragraph at lines 526--526
 [] 
 []

File: frontespizio.png Graphic file (type png)
<use frontespizio.png>
Package pdftex.def Info: frontespizio.png  used on input line 526.
(pdftex.def)             Requested size: 28.61635pt x 28.45274pt.
[11

 <./lakezurich.jpg>]
File: lakezurich.jpg Graphic file (type jpg)
<use lakezurich.jpg>
Package pdftex.def Info: lakezurich.jpg  used on input line 526.
(pdftex.def)             Requested size: 176.3692pt x 142.39027pt.

Overfull \hbox (12.00319pt too wide) in paragraph at lines 526--526
 [] 
 []

File: frontespizio.png Graphic file (type png)
<use frontespizio.png>
Package pdftex.def Info: frontespizio.png  used on input line 526.
(pdftex.def)             Requested size: 28.61635pt x 28.45274pt.
[12

]
File: lakezurich.jpg Graphic file (type jpg)
<use lakezurich.jpg>
Package pdftex.def Info: lakezurich.jpg  used on input line 526.
(pdftex.def)             Requested size: 176.3692pt x 142.39027pt.

Overfull \hbox (12.00319pt too wide) in paragraph at lines 526--526
 [] 
 []

File: frontespizio.png Graphic file (type png)
<use frontespizio.png>
Package pdftex.def Info: frontespizio.png  used on input line 526.
(pdftex.def)             Requested size: 28.61635pt x 28.45274pt.
[13

]
File: lakezurich.jpg Graphic file (type jpg)
<use lakezurich.jpg>
Package pdftex.def Info: lakezurich.jpg  used on input line 526.
(pdftex.def)             Requested size: 176.3692pt x 142.39027pt.

Overfull \hbox (12.00319pt too wide) in paragraph at lines 526--526
 [] 
 []

File: frontespizio.png Graphic file (type png)
<use frontespizio.png>
Package pdftex.def Info: frontespizio.png  used on input line 526.
(pdftex.def)             Requested size: 28.61635pt x 28.45274pt.
[14

]
File: lakezurich.jpg Graphic file (type jpg)
<use lakezurich.jpg>
Package pdftex.def Info: lakezurich.jpg  used on input line 526.
(pdftex.def)             Requested size: 176.3692pt x 142.39027pt.

Overfull \hbox (12.00319pt too wide) in paragraph at lines 526--526
 [] 
 []

File: frontespizio.png Graphic file (type png)
<use frontespizio.png>
Package pdftex.def Info: frontespizio.png  used on input line 526.
(pdftex.def)             Requested size: 28.61635pt x 28.45274pt.
[15

]
File: lakezurich.jpg Graphic file (type jpg)
<use lakezurich.jpg>
Package pdftex.def Info: lakezurich.jpg  used on input line 526.
(pdftex.def)             Requested size: 176.3692pt x 142.39027pt.

Overfull \hbox (12.00319pt too wide) in paragraph at lines 526--526
 [] 
 []

File: frontespizio.png Graphic file (type png)
<use frontespizio.png>
Package pdftex.def Info: frontespizio.png  used on input line 526.
(pdftex.def)             Requested size: 28.61635pt x 28.45274pt.
[16

]
File: frontespizio.png Graphic file (type png)
<use frontespizio.png>
Package pdftex.def Info: frontespizio.png  used on input line 534.
(pdftex.def)             Requested size: 28.61635pt x 28.45274pt.
 [17

]
Overfull \hbox (27.39136pt too wide) in paragraph at lines 569--569
[][]  
 []

File: frontespizio.png Graphic file (type png)
<use frontespizio.png>
Package pdftex.def Info: frontespizio.png  used on input line 569.
(pdftex.def)             Requested size: 28.61635pt x 28.45274pt.
[18

]
Overfull \hbox (27.39136pt too wide) in paragraph at lines 569--569
[][]  
 []

File: frontespizio.png Graphic file (type png)
<use frontespizio.png>
Package pdftex.def Info: frontespizio.png  used on input line 569.
(pdftex.def)             Requested size: 28.61635pt x 28.45274pt.
[19

]
Overfull \hbox (27.39136pt too wide) in paragraph at lines 569--569
[][]  
 []

File: frontespizio.png Graphic file (type png)
<use frontespizio.png>
Package pdftex.def Info: frontespizio.png  used on input line 569.
(pdftex.def)             Requested size: 28.61635pt x 28.45274pt.
[20

]
Overfull \hbox (27.39136pt too wide) in paragraph at lines 569--569
[][]  
 []

File: frontespizio.png Graphic file (type png)
<use frontespizio.png>
Package pdftex.def Info: frontespizio.png  used on input line 569.
(pdftex.def)             Requested size: 28.61635pt x 28.45274pt.
[21

]
Overfull \hbox (27.39136pt too wide) in paragraph at lines 569--569
[][]  
 []

File: frontespizio.png Graphic file (type png)
<use frontespizio.png>
Package pdftex.def Info: frontespizio.png  used on input line 569.
(pdftex.def)             Requested size: 28.61635pt x 28.45274pt.
[22

]
Overfull \hbox (27.39136pt too wide) in paragraph at lines 569--569
[][]  
 []

File: frontespizio.png Graphic file (type png)
<use frontespizio.png>
Package pdftex.def Info: frontespizio.png  used on input line 569.
(pdftex.def)             Requested size: 28.61635pt x 28.45274pt.
[23

]
File: frontespizio.png Graphic file (type png)
<use frontespizio.png>
Package pdftex.def Info: frontespizio.png  used on input line 578.
(pdftex.def)             Requested size: 28.61635pt x 28.45274pt.
 [24

]
File: frontespizio.png Graphic file (type png)
<use frontespizio.png>
Package pdftex.def Info: frontespizio.png  used on input line 585.
(pdftex.def)             Requested size: 28.61635pt x 28.45274pt.
 [25

]
File: frontespizio.png Graphic file (type png)
<use frontespizio.png>
Package pdftex.def Info: frontespizio.png  used on input line 638.
(pdftex.def)             Requested size: 28.61635pt x 28.45274pt.
 [26

]
File: frontespizio.png Graphic file (type png)
<use frontespizio.png>
Package pdftex.def Info: frontespizio.png  used on input line 638.
(pdftex.def)             Requested size: 28.61635pt x 28.45274pt.
 [27

]
File: frontespizio.png Graphic file (type png)
<use frontespizio.png>
Package pdftex.def Info: frontespizio.png  used on input line 638.
(pdftex.def)             Requested size: 28.61635pt x 28.45274pt.
 [28

]
File: frontespizio.png Graphic file (type png)
<use frontespizio.png>
Package pdftex.def Info: frontespizio.png  used on input line 638.
(pdftex.def)             Requested size: 28.61635pt x 28.45274pt.
 [29

]
File: frontespizio.png Graphic file (type png)
<use frontespizio.png>
Package pdftex.def Info: frontespizio.png  used on input line 653.
(pdftex.def)             Requested size: 28.61635pt x 28.45274pt.
 [30

]
File: frontespizio.png Graphic file (type png)
<use frontespizio.png>
Package pdftex.def Info: frontespizio.png  used on input line 679.
(pdftex.def)             Requested size: 28.61635pt x 28.45274pt.
 [31

]
File: frontespizio.png Graphic file (type png)
<use frontespizio.png>
Package pdftex.def Info: frontespizio.png  used on input line 679.
(pdftex.def)             Requested size: 28.61635pt x 28.45274pt.
 [32

]
File: frontespizio.png Graphic file (type png)
<use frontespizio.png>
Package pdftex.def Info: frontespizio.png  used on input line 679.
(pdftex.def)             Requested size: 28.61635pt x 28.45274pt.
 [33

]
File: frontespizio.png Graphic file (type png)
<use frontespizio.png>
Package pdftex.def Info: frontespizio.png  used on input line 714.
(pdftex.def)             Requested size: 28.61635pt x 28.45274pt.
 [34

]
File: frontespizio.png Graphic file (type png)
<use frontespizio.png>
Package pdftex.def Info: frontespizio.png  used on input line 714.
(pdftex.def)             Requested size: 28.61635pt x 28.45274pt.
 [35

]
File: frontespizio.png Graphic file (type png)
<use frontespizio.png>
Package pdftex.def Info: frontespizio.png  used on input line 714.
(pdftex.def)             Requested size: 28.61635pt x 28.45274pt.
 [36

]
File: frontespizio.png Graphic file (type png)
<use frontespizio.png>
Package pdftex.def Info: frontespizio.png  used on input line 722.
(pdftex.def)             Requested size: 28.61635pt x 28.45274pt.
 [37

]
<alb_LAKEATREST.pdf, id=1078, 395.90533pt x 315.83257pt>
File: alb_LAKEATREST.pdf Graphic file (type pdf)
<use alb_LAKEATREST.pdf>
Package pdftex.def Info: alb_LAKEATREST.pdf  used on input line 763.
(pdftex.def)             Requested size: 147.9284pt x 118.01282pt.
File: frontespizio.png Graphic file (type png)
<use frontespizio.png>
Package pdftex.def Info: frontespizio.png  used on input line 763.
(pdftex.def)             Requested size: 28.61635pt x 28.45274pt.

[38

 <./alb_LAKEATREST.pdf>]
<alb_latr_pert_IC.pdf, id=1128, 395.90533pt x 315.83257pt>
File: alb_latr_pert_IC.pdf Graphic file (type pdf)
<use alb_latr_pert_IC.pdf>
Package pdftex.def Info: alb_latr_pert_IC.pdf  used on input line 784.
(pdftex.def)             Requested size: 154.09483pt x 122.92842pt.

Overfull \vbox (12.59392pt too high) detected at line 784
 []

File: frontespizio.png Graphic file (type png)
<use frontespizio.png>
Package pdftex.def Info: frontespizio.png  used on input line 784.
(pdftex.def)             Requested size: 28.61635pt x 28.45274pt.
[39

 <./alb_latr_pert_IC.pdf>]
<alb_latr_WBp3s14jc.pdf, id=1176, 438.51765pt x 315.83257pt>
File: alb_latr_WBp3s14jc.pdf Graphic file (type pdf)
<use alb_latr_WBp3s14jc.pdf>
Package pdftex.def Info: alb_latr_WBp3s14jc.pdf  used on input line 824.
(pdftex.def)             Requested size: 102.73163pt x 73.98933pt.
<alb_latr_WBp3s14jt.pdf, id=1177, 409.78532pt x 322.65492pt>
File: alb_latr_WBp3s14jt.pdf Graphic file (type pdf)
<use alb_latr_WBp3s14jt.pdf>
Package pdftex.def Info: alb_latr_WBp3s14jt.pdf  used on input line 824.
(pdftex.def)             Requested size: 102.73163pt x 80.88507pt.
<alb_latr_WBp3s14je.pdf, id=1178, 409.78532pt x 322.65492pt>
File: alb_latr_WBp3s14je.pdf Graphic file (type pdf)
<use alb_latr_WBp3s14je.pdf>
Package pdftex.def Info: alb_latr_WBp3s14je.pdf  used on input line 824.
(pdftex.def)             Requested size: 102.73163pt x 80.88507pt.
<alb_latr_WBp3s14jr.pdf, id=1179, 409.78532pt x 322.65492pt>
File: alb_latr_WBp3s14jr.pdf Graphic file (type pdf)
<use alb_latr_WBp3s14jr.pdf>
Package pdftex.def Info: alb_latr_WBp3s14jr.pdf  used on input line 824.
(pdftex.def)             Requested size: 102.73163pt x 80.88507pt.

Overfull \vbox (4.45592pt too high) detected at line 824
 []

File: frontespizio.png Graphic file (type png)
<use frontespizio.png>
Package pdftex.def Info: frontespizio.png  used on input line 824.
(pdftex.def)             Requested size: 28.61635pt x 28.45274pt.
[40

 <./alb_latr_WBp3s14jc.pdf> <./alb_latr_WBp3s14jt.pdf

pdfTeX warning: /usr/bin/pdflatex (file ./alb_latr_WBp3s14jt.pdf): PDF inclusio
n: multiple pdfs with page group included in a single page
> <./alb_latr_WBp3s14je.pdf

pdfTeX warning: /usr/bin/pdflatex (file ./alb_latr_WBp3s14je.pdf): PDF inclusio
n: multiple pdfs with page group included in a single page
> <./alb_latr_WBp3s14jr.pdf

pdfTeX warning: /usr/bin/pdflatex (file ./alb_latr_WBp3s14jr.pdf): PDF inclusio
n: multiple pdfs with page group included in a single page
>]
File: frontespizio.png Graphic file (type png)
<use frontespizio.png>
Package pdftex.def Info: frontespizio.png  used on input line 834.
(pdftex.def)             Requested size: 28.61635pt x 28.45274pt.
 [41

]
<sub.pdf, id=1382, 395.90533pt x 315.83257pt>
File: sub.pdf Graphic file (type pdf)
<use sub.pdf>
Package pdftex.def Info: sub.pdf  used on input line 892.
(pdftex.def)             Requested size: 102.73163pt x 81.95067pt.
<trans.pdf, id=1383, 395.90533pt x 315.83257pt>
File: trans.pdf Graphic file (type pdf)
<use trans.pdf>
Package pdftex.def Info: trans.pdf  used on input line 892.
(pdftex.def)             Requested size: 102.73163pt x 81.95067pt.
<sup.pdf, id=1384, 395.90533pt x 315.83257pt>
File: sup.pdf Graphic file (type pdf)
<use sup.pdf>
Package pdftex.def Info: sup.pdf  used on input line 892.
(pdftex.def)             Requested size: 102.73163pt x 81.95067pt.
<alb_sub_convergenceWB-HS.pdf, id=1385, 455.30101pt x 339.66899pt>
File: alb_sub_convergenceWB-HS.pdf Graphic file (type pdf)
<use alb_sub_convergenceWB-HS.pdf>
Package pdftex.def Info: alb_sub_convergenceWB-HS.pdf  used on input line 892.
(pdftex.def)             Requested size: 102.73163pt x 76.6399pt.
<alb_trans_convergenceWB-HS.pdf, id=1386, 455.30101pt x 339.66899pt>
File: alb_trans_convergenceWB-HS.pdf Graphic file (type pdf)
<use alb_trans_convergenceWB-HS.pdf>
Package pdftex.def Info: alb_trans_convergenceWB-HS.pdf  used on input line 892
.
(pdftex.def)             Requested size: 102.73163pt x 76.6399pt.
<alb_sup_convergenceWB-HS.pdf, id=1387, 455.30101pt x 339.66899pt>
File: alb_sup_convergenceWB-HS.pdf Graphic file (type pdf)
<use alb_sup_convergenceWB-HS.pdf>
Package pdftex.def Info: alb_sup_convergenceWB-HS.pdf  used on input line 892.
(pdftex.def)             Requested size: 102.73163pt x 76.6399pt.

Overfull \vbox (10.42664pt too high) detected at line 892
 []

File: frontespizio.png Graphic file (type png)
<use frontespizio.png>
Package pdftex.def Info: frontespizio.png  used on input line 892.
(pdftex.def)             Requested size: 28.61635pt x 28.45274pt.
[42

pdfTeX warning (ext4): destination with the same identifier (name{convergence_c
omp_jumps_sub}) has been already used, duplicate ignored

\@EveryShipout@Output ...@Org@Shipout \box \@cclv 
                                                  
l.892 \end{frame}
                 pdfTeX warning (ext4): destination with the same identifier (n
ame{sub@convergence_comp_jumps_sub}) has been already used, duplicate ignored

\@EveryShipout@Output ...@Org@Shipout \box \@cclv 
                                                  
l.892 \end{frame}
                 pdfTeX warning (ext4): destination with the same identifier (n
ame{convergence_comp_jumps_trans}) has been already used, duplicate ignored

\@EveryShipout@Output ...@Org@Shipout \box \@cclv 
                                                  
l.892 \end{frame}
                 pdfTeX warning (ext4): destination with the same identifier (n
ame{sub@convergence_comp_jumps_trans}) has been already used, duplicate ignored


\@EveryShipout@Output ...@Org@Shipout \box \@cclv 
                                                  
l.892 \end{frame}
                 pdfTeX warning (ext4): destination with the same identifier (n
ame{convergence_comp_jumps_super}) has been already used, duplicate ignored

\@EveryShipout@Output ...@Org@Shipout \box \@cclv 
                                                  
l.892 \end{frame}
                 pdfTeX warning (ext4): destination with the same identifier (n
ame{sub@convergence_comp_jumps_super}) has been already used, duplicate ignored


\@EveryShipout@Output ...@Org@Shipout \box \@cclv 
                                                  
l.892 \end{frame}
                 pdfTeX warning (ext4): destination with the same identifier (n
ame{convergence}) has been already used, duplicate ignored

\@EveryShipout@Output ...@Org@Shipout \box \@cclv 
                                                  
l.892 \end{frame}
                  <./sub.pdf> <./trans.pdf

pdfTeX warning: /usr/bin/pdflatex (file ./trans.pdf): PDF inclusion: multiple p
dfs with page group included in a single page
> <./sup.pdf

pdfTeX warning: /usr/bin/pdflatex (file ./sup.pdf): PDF inclusion: multiple pdf
s with page group included in a single page
> <./alb_sub_convergenceWB-HS.pdf

pdfTeX warning: /usr/bin/pdflatex (file ./alb_sub_convergenceWB-HS.pdf): PDF in
clusion: multiple pdfs with page group included in a single page
> <./alb_trans_convergenceWB-HS.pdf

pdfTeX warning: /usr/bin/pdflatex (file ./alb_trans_convergenceWB-HS.pdf): PDF 
inclusion: multiple pdfs with page group included in a single page
> <./alb_sup_convergenceWB-HS.pdf

pdfTeX warning: /usr/bin/pdflatex (file ./alb_sup_convergenceWB-HS.pdf): PDF in
clusion: multiple pdfs with page group included in a single page
>]
<sub_not_smooth.pdf, id=1607, 395.90533pt x 315.83257pt>
File: sub_not_smooth.pdf Graphic file (type pdf)
<use sub_not_smooth.pdf>
Package pdftex.def Info: sub_not_smooth.pdf  used on input line 924.
(pdftex.def)             Requested size: 102.73163pt x 81.95067pt.
<trans_not_smooth.pdf, id=1608, 395.90533pt x 315.83257pt>
File: trans_not_smooth.pdf Graphic file (type pdf)
<use trans_not_smooth.pdf>
Package pdftex.def Info: trans_not_smooth.pdf  used on input line 924.
(pdftex.def)             Requested size: 102.73163pt x 81.95067pt.
<sup_not_smooth.pdf, id=1609, 395.90533pt x 315.83257pt>
File: sup_not_smooth.pdf Graphic file (type pdf)
<use sup_not_smooth.pdf>
Package pdftex.def Info: sup_not_smooth.pdf  used on input line 924.
(pdftex.def)             Requested size: 102.73163pt x 81.95067pt.
pdfTeX warning (ext4): destination with the same identifier (name{convergence})
 has been already used, duplicate ignored
<to be read again> 
                   \relax 
l.924 \end{frame}
                 
File: frontespizio.png Graphic file (type png)
<use frontespizio.png>
Package pdftex.def Info: frontespizio.png  used on input line 924.
(pdftex.def)             Requested size: 28.61635pt x 28.45274pt.
 [43

 <./sub_not_smooth.pdf> <./trans_not_smooth.pdf

pdfTeX warning: /usr/bin/pdflatex (file ./trans_not_smooth.pdf): PDF inclusion:
 multiple pdfs with page group included in a single page
> <./sup_not_smooth.pdf

pdfTeX warning: /usr/bin/pdflatex (file ./sup_not_smooth.pdf): PDF inclusion: m
ultiple pdfs with page group included in a single page
>]
<alb_sup_WBp3s14jc.pdf, id=1688, 444.90088pt x 315.83257pt>
File: alb_sup_WBp3s14jc.pdf Graphic file (type pdf)
<use alb_sup_WBp3s14jc.pdf>
Package pdftex.def Info: alb_sup_WBp3s14jc.pdf  used on input line 956.
(pdftex.def)             Requested size: 95.88147pt x 68.0617pt.
<alb_sup_WBp3s14jt.pdf, id=1689, 444.90088pt x 312.02145pt>
File: alb_sup_WBp3s14jt.pdf Graphic file (type pdf)
<use alb_sup_WBp3s14jt.pdf>
Package pdftex.def Info: alb_sup_WBp3s14jt.pdf  used on input line 956.
(pdftex.def)             Requested size: 95.88147pt x 67.24042pt.
<alb_sup_WBp3s14je.pdf, id=1690, 438.51765pt x 315.83257pt>
File: alb_sup_WBp3s14je.pdf Graphic file (type pdf)
<use alb_sup_WBp3s14je.pdf>
Package pdftex.def Info: alb_sup_WBp3s14je.pdf  used on input line 956.
(pdftex.def)             Requested size: 95.88147pt x 69.05446pt.
<alb_sup_WBp3s14jr.pdf, id=1691, 444.90088pt x 315.83257pt>
File: alb_sup_WBp3s14jr.pdf Graphic file (type pdf)
<use alb_sup_WBp3s14jr.pdf>
Package pdftex.def Info: alb_sup_WBp3s14jr.pdf  used on input line 956.
(pdftex.def)             Requested size: 95.88147pt x 68.0617pt.
File: frontespizio.png Graphic file (type png)
<use frontespizio.png>
Package pdftex.def Info: frontespizio.png  used on input line 956.
(pdftex.def)             Requested size: 28.61635pt x 28.45274pt.
 [44

 <./alb_sup_WBp3s14jc.pdf> <./alb_sup_WBp3s14jt.pdf

pdfTeX warning: /usr/bin/pdflatex (file ./alb_sup_WBp3s14jt.pdf): PDF inclusion
: multiple pdfs with page group included in a single page
> <./alb_sup_WBp3s14je.pdf

pdfTeX warning: /usr/bin/pdflatex (file ./alb_sup_WBp3s14je.pdf): PDF inclusion
: multiple pdfs with page group included in a single page
> <./alb_sup_WBp3s14jr.pdf

pdfTeX warning: /usr/bin/pdflatex (file ./alb_sup_WBp3s14jr.pdf): PDF inclusion
: multiple pdfs with page group included in a single page
>]
<alb_sup_same_scale_WBp3s14jc.pdf, id=1867, 444.90088pt x 315.83257pt>
File: alb_sup_same_scale_WBp3s14jc.pdf Graphic file (type pdf)
<use alb_sup_same_scale_WBp3s14jc.pdf>
Package pdftex.def Info: alb_sup_same_scale_WBp3s14jc.pdf  used on input line 9
87.
(pdftex.def)             Requested size: 95.88147pt x 68.0617pt.
<alb_sup_same_scale_WBp3s14jt.pdf, id=1868, 444.90088pt x 315.83257pt>
File: alb_sup_same_scale_WBp3s14jt.pdf Graphic file (type pdf)
<use alb_sup_same_scale_WBp3s14jt.pdf>
Package pdftex.def Info: alb_sup_same_scale_WBp3s14jt.pdf  used on input line 9
87.
(pdftex.def)             Requested size: 95.88147pt x 68.0617pt.
<alb_sup_same_scale_WBp3s14je.pdf, id=1869, 444.90088pt x 315.83257pt>
File: alb_sup_same_scale_WBp3s14je.pdf Graphic file (type pdf)
<use alb_sup_same_scale_WBp3s14je.pdf>
Package pdftex.def Info: alb_sup_same_scale_WBp3s14je.pdf  used on input line 9
87.
(pdftex.def)             Requested size: 95.88147pt x 68.0617pt.
<alb_sup_same_scale_WBp3s14jr.pdf, id=1870, 444.90088pt x 315.83257pt>
File: alb_sup_same_scale_WBp3s14jr.pdf Graphic file (type pdf)
<use alb_sup_same_scale_WBp3s14jr.pdf>
Package pdftex.def Info: alb_sup_same_scale_WBp3s14jr.pdf  used on input line 9
87.
(pdftex.def)             Requested size: 95.88147pt x 68.0617pt.
pdfTeX warning (ext4): destination with the same identifier (name{pert_super_ju
mps}) has been already used, duplicate ignored
<to be read again> 
                   \relax 
l.987 \end{frame}
                 
File: frontespizio.png Graphic file (type png)
<use frontespizio.png>
Package pdftex.def Info: frontespizio.png  used on input line 987.
(pdftex.def)             Requested size: 28.61635pt x 28.45274pt.
 [45

 <./alb_sup_same_scale_WBp3s14jc.pdf> <./alb_sup_same_scale_WBp3s14jt.pdf

pdfTeX warning: /usr/bin/pdflatex (file ./alb_sup_same_scale_WBp3s14jt.pdf): PD
F inclusion: multiple pdfs with page group included in a single page
> <./alb_sup_same_scale_WBp3s14je.pdf

pdfTeX warning: /usr/bin/pdflatex (file ./alb_sup_same_scale_WBp3s14je.pdf): PD
F inclusion: multiple pdfs with page group included in a single page
> <./alb_sup_same_scale_WBp3s14jr.pdf

pdfTeX warning: /usr/bin/pdflatex (file ./alb_sup_same_scale_WBp3s14jr.pdf): PD
F inclusion: multiple pdfs with page group included in a single page
>]
File: frontespizio.png Graphic file (type png)
<use frontespizio.png>
Package pdftex.def Info: frontespizio.png  used on input line 997.
(pdftex.def)             Requested size: 28.61635pt x 28.45274pt.
 [46

]
<alb_bases_WBp3s14jrPGL2.pdf, id=2076, 444.90088pt x 312.02145pt>
File: alb_bases_WBp3s14jrPGL2.pdf Graphic file (type pdf)
<use alb_bases_WBp3s14jrPGL2.pdf>
Package pdftex.def Info: alb_bases_WBp3s14jrPGL2.pdf  used on input line 1031.
(pdftex.def)             Requested size: 102.73163pt x 72.04431pt.
<alb_bases_WBp3s14jrPGL3.pdf, id=2077, 444.90088pt x 312.02145pt>
File: alb_bases_WBp3s14jrPGL3.pdf Graphic file (type pdf)
<use alb_bases_WBp3s14jrPGL3.pdf>
Package pdftex.def Info: alb_bases_WBp3s14jrPGL3.pdf  used on input line 1031.
(pdftex.def)             Requested size: 102.73163pt x 72.04431pt.
<alb_bases_WBp3s14jrPGL4.pdf, id=2078, 444.90088pt x 312.02145pt>
File: alb_bases_WBp3s14jrPGL4.pdf Graphic file (type pdf)
<use alb_bases_WBp3s14jrPGL4.pdf>
Package pdftex.def Info: alb_bases_WBp3s14jrPGL4.pdf  used on input line 1031.
(pdftex.def)             Requested size: 102.73163pt x 72.04431pt.

Overfull \hbox (21.90005pt too wide) in paragraph at lines 1031--1031
[] [] 
 []

pdfTeX warning (ext4): destination with the same identifier (name{convergence})
 has been already used, duplicate ignored
<to be read again> 
                   \relax 
l.1031 \end{frame}
                  
File: frontespizio.png Graphic file (type png)
<use frontespizio.png>
Package pdftex.def Info: frontespizio.png  used on input line 1031.
(pdftex.def)             Requested size: 28.61635pt x 28.45274pt.
 [47

 <./alb_bases_WBp3s14jrPGL2.pdf> <./alb_bases_WBp3s14jrPGL3.pdf

pdfTeX warning: /usr/bin/pdflatex (file ./alb_bases_WBp3s14jrPGL3.pdf): PDF inc
lusion: multiple pdfs with page group included in a single page
> <./alb_bases_WBp3s14jrPGL4.pdf

pdfTeX warning: /usr/bin/pdflatex (file ./alb_bases_WBp3s14jrPGL4.pdf): PDF inc
lusion: multiple pdfs with page group included in a single page
>]
<alb_trans_WBp2s14jr.pdf, id=2210, 438.51765pt x 315.83257pt>
File: alb_trans_WBp2s14jr.pdf Graphic file (type pdf)
<use alb_trans_WBp2s14jr.pdf>
Package pdftex.def Info: alb_trans_WBp2s14jr.pdf  used on input line 1064.
(pdftex.def)             Requested size: 136.97203pt x 98.64923pt.
<alb_sub_WBp2s14jr.pdf, id=2211, 438.51765pt x 315.83257pt>
File: alb_sub_WBp2s14jr.pdf Graphic file (type pdf)
<use alb_sub_WBp2s14jr.pdf>
Package pdftex.def Info: alb_sub_WBp2s14jr.pdf  used on input line 1064.
(pdftex.def)             Requested size: 136.97203pt x 98.64923pt.
File: frontespizio.png Graphic file (type png)
<use frontespizio.png>
Package pdftex.def Info: frontespizio.png  used on input line 1064.
(pdftex.def)             Requested size: 28.61635pt x 28.45274pt.
 [48

 <./alb_trans_WBp2s14jr.pdf> <./alb_sub_WBp2s14jr.pdf

pdfTeX warning: /usr/bin/pdflatex (file ./alb_sub_WBp2s14jr.pdf): PDF inclusion
: multiple pdfs with page group included in a single page
>]
<friction/friction_sub.pdf, id=2315, 402.28856pt x 312.02145pt>
File: friction/friction_sub.pdf Graphic file (type pdf)
<use friction/friction_sub.pdf>
Package pdftex.def Info: friction/friction_sub.pdf  used on input line 1110.
(pdftex.def)             Requested size: 136.97203pt x 106.23824pt.
<alb_sub_fri_WBp2s14jr.pdf, id=2316, 438.51765pt x 315.83257pt>
File: alb_sub_fri_WBp2s14jr.pdf Graphic file (type pdf)
<use alb_sub_fri_WBp2s14jr.pdf>
Package pdftex.def Info: alb_sub_fri_WBp2s14jr.pdf  used on input line 1110.
(pdftex.def)             Requested size: 136.97203pt x 98.64923pt.

Overfull \hbox (21.90005pt too wide) in paragraph at lines 1110--1110
[] [] 
 []

File: frontespizio.png Graphic file (type png)
<use frontespizio.png>
Package pdftex.def Info: frontespizio.png  used on input line 1110.
(pdftex.def)             Requested size: 28.61635pt x 28.45274pt.
[49

 <./friction/friction_sub.pdf> <./alb_sub_fri_WBp2s14jr.pdf

pdfTeX warning: /usr/bin/pdflatex (file ./alb_sub_fri_WBp2s14jr.pdf): PDF inclu
sion: multiple pdfs with page group included in a single page
>]pdfTeX warning (ext4): destination with the same identifier (name{NumericalRe
sultsWithoutWBmonodimensionalcasesSW<1>}) has been already used, duplicate igno
red
<to be read again> 
                   \relax 
l.1184 \end{frame}
                  pdfTeX warning (ext4): destination with the same identifier (
name{NumericalResultsWithoutWBmonodimensionalcasesSW}) has been already used, d
uplicate ignored
<to be read again> 
                   \relax 
l.1184 \end{frame}
                  
File: alb_sub_convergenceWB-HS.pdf Graphic file (type pdf)
<use alb_sub_convergenceWB-HS.pdf>
Package pdftex.def Info: alb_sub_convergenceWB-HS.pdf  used on input line 1184.

(pdftex.def)             Requested size: 102.73163pt x 76.6399pt.
pdfTeX warning (ext4): destination with the same identifier (name{convergence_c
omp_jumps_sub}) has been already used, duplicate ignored
<to be read again> 
                   \relax 
l.1184 \end{frame}
                  pdfTeX warning (ext4): destination with the same identifier (
name{sub@convergence_comp_jumps_sub}) has been already used, duplicate ignored
<to be read again> 
                   \relax 
l.1184 \end{frame}
                  
File: alb_trans_convergenceWB-HS.pdf Graphic file (type pdf)
<use alb_trans_convergenceWB-HS.pdf>
Package pdftex.def Info: alb_trans_convergenceWB-HS.pdf  used on input line 118
4.
(pdftex.def)             Requested size: 102.73163pt x 76.6399pt.
pdfTeX warning (ext4): destination with the same identifier (name{convergence_c
omp_jumps_trans}) has been already used, duplicate ignored
<to be read again> 
                   \relax 
l.1184 \end{frame}
                  pdfTeX warning (ext4): destination with the same identifier (
name{sub@convergence_comp_jumps_trans}) has been already used, duplicate ignore
d
<to be read again> 
                   \relax 
l.1184 \end{frame}
                  
File: alb_sup_convergenceWB-HS.pdf Graphic file (type pdf)
<use alb_sup_convergenceWB-HS.pdf>
Package pdftex.def Info: alb_sup_convergenceWB-HS.pdf  used on input line 1184.

(pdftex.def)             Requested size: 102.73163pt x 76.6399pt.
pdfTeX warning (ext4): destination with the same identifier (name{convergence_c
omp_jumps_super}) has been already used, duplicate ignored
<to be read again> 
                   \relax 
l.1184 \end{frame}
                  pdfTeX warning (ext4): destination with the same identifier (
name{sub@convergence_comp_jumps_super}) has been already used, duplicate ignore
d
<to be read again> 
                   \relax 
l.1184 \end{frame}
                  
<alb_sub_convergenceWB-GF.pdf, id=2402, 455.30101pt x 339.64874pt>
File: alb_sub_convergenceWB-GF.pdf Graphic file (type pdf)
<use alb_sub_convergenceWB-GF.pdf>
Package pdftex.def Info: alb_sub_convergenceWB-GF.pdf  used on input line 1184.

(pdftex.def)             Requested size: 102.73163pt x 76.63533pt.
pdfTeX warning (ext4): destination with the same identifier (name{convergence_c
omp_jumps_sub}) has been already used, duplicate ignored
<to be read again> 
                   \relax 
l.1184 \end{frame}
                  pdfTeX warning (ext4): destination with the same identifier (
name{sub@convergence_comp_jumps_sub}) has been already used, duplicate ignored
<to be read again> 
                   \relax 
l.1184 \end{frame}
                  
<alb_trans_convergenceWB-GF.pdf, id=2403, 455.30101pt x 339.66899pt>
File: alb_trans_convergenceWB-GF.pdf Graphic file (type pdf)
<use alb_trans_convergenceWB-GF.pdf>
Package pdftex.def Info: alb_trans_convergenceWB-GF.pdf  used on input line 118
4.
(pdftex.def)             Requested size: 102.73163pt x 76.6399pt.
pdfTeX warning (ext4): destination with the same identifier (name{convergence_c
omp_jumps_trans}) has been already used, duplicate ignored
<to be read again> 
                   \relax 
l.1184 \end{frame}
                  pdfTeX warning (ext4): destination with the same identifier (
name{sub@convergence_comp_jumps_trans}) has been already used, duplicate ignore
d
<to be read again> 
                   \relax 
l.1184 \end{frame}
                  
<alb_sup_convergenceWB-GF.pdf, id=2404, 455.30101pt x 339.66899pt>
File: alb_sup_convergenceWB-GF.pdf Graphic file (type pdf)
<use alb_sup_convergenceWB-GF.pdf>
Package pdftex.def Info: alb_sup_convergenceWB-GF.pdf  used on input line 1184.

(pdftex.def)             Requested size: 102.73163pt x 76.6399pt.
pdfTeX warning (ext4): destination with the same identifier (name{convergence_c
omp_jumps_super}) has been already used, duplicate ignored
<to be read again> 
                   \relax 
l.1184 \end{frame}
                  pdfTeX warning (ext4): destination with the same identifier (
name{sub@convergence_comp_jumps_super}) has been already used, duplicate ignore
d
<to be read again> 
                   \relax 
l.1184 \end{frame}
                  
File: frontespizio.png Graphic file (type png)
<use frontespizio.png>
Package pdftex.def Info: frontespizio.png  used on input line 1184.
(pdftex.def)             Requested size: 28.61635pt x 28.45274pt.
 [50

 <./alb_sub_convergenceWB-GF.pdf> <./alb_trans_convergenceWB-GF.pdf

pdfTeX warning: /usr/bin/pdflatex (file ./alb_trans_convergenceWB-GF.pdf): PDF 
inclusion: multiple pdfs with page group included in a single page
> <./alb_sup_convergenceWB-GF.pdf

pdfTeX warning: /usr/bin/pdflatex (file ./alb_sup_convergenceWB-GF.pdf): PDF in
clusion: multiple pdfs with page group included in a single page
>]
File: frontespizio.png Graphic file (type png)
<use frontespizio.png>
Package pdftex.def Info: frontespizio.png  used on input line 1189.
(pdftex.def)             Requested size: 28.61635pt x 28.45274pt.
 [51

]
File: frontespizio.png Graphic file (type png)
<use frontespizio.png>
Package pdftex.def Info: frontespizio.png  used on input line 1212.
(pdftex.def)             Requested size: 28.61635pt x 28.45274pt.
 [52

]
File: frontespizio.png Graphic file (type png)
<use frontespizio.png>
Package pdftex.def Info: frontespizio.png  used on input line 1212.
(pdftex.def)             Requested size: 28.61635pt x 28.45274pt.
 [53

]
File: frontespizio.png Graphic file (type png)
<use frontespizio.png>
Package pdftex.def Info: frontespizio.png  used on input line 1212.
(pdftex.def)             Requested size: 28.61635pt x 28.45274pt.
 [54

]
File: frontespizio.png Graphic file (type png)
<use frontespizio.png>
Package pdftex.def Info: frontespizio.png  used on input line 1212.
(pdftex.def)             Requested size: 28.61635pt x 28.45274pt.
 [55

]
File: frontespizio.png Graphic file (type png)
<use frontespizio.png>
Package pdftex.def Info: frontespizio.png  used on input line 1225.
(pdftex.def)             Requested size: 28.61635pt x 28.45274pt.
 [56

]pdfTeX warning (ext4): destination with the same identifier (name{SW<1>}) has 
been already used, duplicate ignored
<to be read again> 
                   \relax 
l.1290 \end{frame}
                  pdfTeX warning (ext4): destination with the same identifier (
name{SW}) has been already used, duplicate ignored
<to be read again> 
                   \relax 
l.1290 \end{frame}
                  
File: frontespizio.png Graphic file (type png)
<use frontespizio.png>
Package pdftex.def Info: frontespizio.png  used on input line 1290.
(pdftex.def)             Requested size: 28.61635pt x 28.45274pt.
 [57

]
File: frontespizio.png Graphic file (type png)
<use frontespizio.png>
Package pdftex.def Info: frontespizio.png  used on input line 1334.
(pdftex.def)             Requested size: 28.61635pt x 28.45274pt.
 [58

]
\tf@nav=\write6
\openout6 = `los_alamos.nav'.

\tf@toc=\write7
\openout7 = `los_alamos.toc'.

\tf@snm=\write8
\openout8 = `los_alamos.snm'.

Package atveryend Info: Empty hook `BeforeClearDocument' on input line 1338.
Package atveryend Info: Empty hook `AfterLastShipout' on input line 1338.
 (./los_alamos.aux (./sslide.aux))
Package atveryend Info: Executing hook `AtVeryEndDocument' on input line 1338.
Package atveryend Info: Executing hook `AtEndAfterFileList' on input line 1338.

Package rerunfilecheck Info: File `los_alamos.out' has not changed.
(rerunfilecheck)             Checksum: F4E5420D33F16E512970243970C172B5;419.


LaTeX Font Warning: Some font shapes were not available, defaults substituted.


LaTeX Warning: There were multiply-defined labels.

 ) 
Here is how much of TeX's memory you used:
 26276 strings out of 481239
 522886 string characters out of 5920378
 887417 words of memory out of 5000000
 40748 multiletter control sequences out of 15000+600000
 566879 words of font info for 126 fonts, out of 8000000 for 9000
 1141 hyphenation exceptions out of 8191
 58i,20n,67p,777b,1018s stack positions out of 5000i,500n,10000p,200000b,80000s
{/usr/share/texmf/fonts/enc/dvips/cm-super/cm-super-t1.enc}</usr/share/texliv
e/texmf-dist/fonts/type1/public/amsfonts/cm/cmbx10.pfb></usr/share/texlive/texm
f-dist/fonts/type1/public/amsfonts/cm/cmex10.pfb></usr/share/texlive/texmf-dist
/fonts/type1/public/amsfonts/cm/cmmi10.pfb></usr/share/texlive/texmf-dist/fonts
/type1/public/amsfonts/cm/cmmi6.pfb></usr/share/texlive/texmf-dist/fonts/type1/
public/amsfonts/cm/cmmi7.pfb></usr/share/texlive/texmf-dist/fonts/type1/public/
amsfonts/cm/cmmi8.pfb></usr/share/texlive/texmf-dist/fonts/type1/public/amsfont
s/cm/cmmi9.pfb></usr/share/texlive/texmf-dist/fonts/type1/public/amsfonts/cm/cm
mib10.pfb></usr/share/texlive/texmf-dist/fonts/type1/public/amsfonts/cmextra/cm
mib8.pfb></usr/share/texlive/texmf-dist/fonts/type1/public/amsfonts/cm/cmr10.pf
b></usr/share/texlive/texmf-dist/fonts/type1/public/amsfonts/cm/cmr12.pfb></usr
/share/texlive/texmf-dist/fonts/type1/public/amsfonts/cm/cmr6.pfb></usr/share/t
exlive/texmf-dist/fonts/type1/public/amsfonts/cm/cmr8.pfb></usr/share/texlive/t
exmf-dist/fonts/type1/public/amsfonts/cm/cmr9.pfb></usr/share/texlive/texmf-dis
t/fonts/type1/public/amsfonts/cm/cmsy10.pfb></usr/share/texlive/texmf-dist/font
s/type1/public/amsfonts/cm/cmsy6.pfb></usr/share/texlive/texmf-dist/fonts/type1
/public/amsfonts/cm/cmsy8.pfb></usr/share/texlive/texmf-dist/fonts/type1/public
/amsfonts/cm/cmsy9.pfb></usr/share/texlive/texmf-dist/fonts/type1/public/amsfon
ts/symbols/msbm10.pfb></usr/share/texmf/fonts/type1/public/cm-super/sfso2488.pf
b></usr/share/texmf/fonts/type1/public/cm-super/sfss0600.pfb></usr/share/texmf/
fonts/type1/public/cm-super/sfss0800.pfb></usr/share/texmf/fonts/type1/public/c
m-super/sfss0900.pfb></usr/share/texmf/fonts/type1/public/cm-super/sfss1000.pfb
></usr/share/texmf/fonts/type1/public/cm-super/sfss1095.pfb></usr/share/texmf/f
onts/type1/public/cm-super/sfss1200.pfb></usr/share/texmf/fonts/type1/public/cm
-super/sfss1440.pfb></usr/share/texmf/fonts/type1/public/cm-super/sfss2074.pfb>
</usr/share/texmf/fonts/type1/public/cm-super/sfsx1095.pfb></usr/share/texmf/fo
nts/type1/public/cm-super/sfsx1440.pfb></usr/share/texlive/texmf-dist/fonts/typ
e1/public/stmaryrd/stmary10.pfb>
Output written on los_alamos.pdf (58 pages, 2556291 bytes).
PDF statistics:
 2910 PDF objects out of 2984 (max. 8388607)
 1976 compressed objects within 20 object streams
 149 named destinations out of 1000 (max. 500000)
 309 words of extra memory for PDF output out of 10000 (max. 10000000)

